<?xml version="1.0" encoding="UTF-8"?>
<!-- Generated by org.testng.reporters.JUnitReportReporter -->
<testsuite hostname="DESKTOP-M1O17N2" failures="0" tests="1" name="com.infimatrix.AppTest" time="0.016" errors="0" timestamp="2024-01-18T14:14:08 IST" skipped="0">
  <testcase classname="com.infimatrix.AppTest" name="testApp" time="0.016"/>
  <system-out/>
</testsuite> <!-- com.infimatrix.AppTest -->
